Сборка начата 23.09.2022 15:07:18.
Уровень детализации журнала: Normal.     1>Проект "E:\2курс лабы\АиСд\SD_Lab02_Sol\SD_Lab02\SD_Lab02.vcxproj" в узле 2 (целевые объекты Build).
     1>InitializeBuildStatus:
         Обращение к "Debug\SD_Lab02.tlog\unsuccessfulbuild".
       ClCompile:
         E:\visual studio_sreda\VC\Tools\MSVC\14.29.30133\bin\HostX86\x86\CL.exe /c /ZI /JMC /nologo /W3 /WX- /diagnostics:column /sdl /Od /Oy- /D WIN32 /D _DEBUG /D _CONSOLE /D _UNICODE /D UNICODE /Gm- /EHsc /RTC1 /MDd /GS /fp:precise /permissive- /Zc:wchar_t /Zc:forScope /Zc:inline /Fo"Debug\\" /Fd"Debug\vc142.pdb" /external:W3 /Gd /TP /analyze- /FC /errorReport:prompt Source.cpp
         Source.cpp
     1>E:\2курс лабы\АиСд\SD_Lab02_Sol\SD_Lab02\Source.cpp(71,26): warning C4552: "!=": результат выражения не используется
       Link:
         E:\visual studio_sreda\VC\Tools\MSVC\14.29.30133\bin\HostX86\x86\link.exe /ERRORREPORT:PROMPT /OUT:"E:\2курс лабы\АиСд\SD_Lab02_Sol\Debug\SD_Lab02.exe" /INCREMENTAL /ILK:"Debug\SD_Lab02.ilk" /NOLOGO kernel32.lib user32.lib gdi32.lib winspool.lib comdlg32.lib advapi32.lib shell32.lib ole32.lib oleaut32.lib uuid.lib odbc32.lib odbccp32.lib /MANIFEST /MANIFESTUAC:"level='asInvoker' uiAccess='false'" /manifest:embed /DEBUG /PDB:"E:\2курс лабы\АиСд\SD_Lab02_Sol\Debug\SD_Lab02.pdb" /SUBSYSTEM:CONSOLE /TLBID:1 /DYNAMICBASE /NXCOMPAT /IMPLIB:"E:\2курс лабы\АиСд\SD_Lab02_Sol\Debug\SD_Lab02.lib" /MACHINE:X86 Debug\Source.obj
         SD_Lab02.vcxproj -> E:\2курс лабы\АиСд\SD_Lab02_Sol\Debug\SD_Lab02.exe
       FinalizeBuildStatus:
         Файл "Debug\SD_Lab02.tlog\unsuccessfulbuild" удаляется.
         Обращение к "Debug\SD_Lab02.tlog\SD_Lab02.lastbuildstate".
     1>Сборка проекта "E:\2курс лабы\АиСд\SD_Lab02_Sol\SD_Lab02\SD_Lab02.vcxproj" завершена (целевые объекты Build).

Сборка успешно завершена.

       "E:\2курс лабы\АиСд\SD_Lab02_Sol\SD_Lab02\SD_Lab02.vcxproj" (целевой объект Build ) (1) ->
       (Целевой объект ClCompile) -> 
         E:\2курс лабы\АиСд\SD_Lab02_Sol\SD_Lab02\Source.cpp(71,26): warning C4552: "!=": результат выражения не используется

    Предупреждений: 1
    Ошибок: 0

Прошло времени 00:00:00.97
