  Error.cpp
  FST.cpp
C:\Container\code\2курс лабы\KPO\Lab20_final\Lab20\Lab20\FST.cpp(62,37): warning C4267: инициализация: преобразование из "size_t" в "short"; возможна потеря данных
  IT.cpp
C:\Container\code\2курс лабы\KPO\Lab20_final\Lab20\Lab20\IT.cpp(79,36): warning C4267: =: преобразование из "size_t" в "unsigned char"; возможна потеря данных
C:\Container\code\2курс лабы\KPO\Lab20_final\Lab20\Lab20\IT.cpp(99,36): warning C4267: =: преобразование из "size_t" в "unsigned char"; возможна потеря данных
  In.cpp
  LT.cpp
  Lab20.cpp
C:\Container\code\2курс лабы\KPO\Lab20_final\Lab20\Lab20\Lab20.cpp(19,9): warning C4102: Log: неиспользованная метка
  LexAnalysis.cpp
C:\Container\code\2курс лабы\KPO\Lab20_final\Lab20\Lab20\LexAnalysis.cpp(32,13): warning C4267: аргумент: преобразование из "size_t" в "int"; возможна потеря данных
C:\Container\code\2курс лабы\KPO\Lab20_final\Lab20\Lab20\LexAnalysis.cpp(47,15): warning C4267: аргумент: преобразование из "size_t" в "int"; возможна потеря данных
C:\Container\code\2курс лабы\KPO\Lab20_final\Lab20\Lab20\LexAnalysis.cpp(59,15): warning C4267: аргумент: преобразование из "size_t" в "int"; возможна потеря данных
C:\Container\code\2курс лабы\KPO\Lab20_final\Lab20\Lab20\LexAnalysis.cpp(62,14): warning C4267: аргумент: преобразование из "size_t" в "int"; возможна потеря данных
C:\Container\code\2курс лабы\KPO\Lab20_final\Lab20\Lab20\LexAnalysis.cpp(78,14): warning C4267: аргумент: преобразование из "size_t" в "int"; возможна потеря данных
C:\Container\code\2курс лабы\KPO\Lab20_final\Lab20\Lab20\LexAnalysis.cpp(80,21): warning C4305: =: усечение из "int" в "char"
C:\Container\code\2курс лабы\KPO\Lab20_final\Lab20\Lab20\LexAnalysis.cpp(80,17): warning C4309: =: усечение константного значения
  Log.cpp
  Out.cpp
  Parm.cpp
  Создание кода...
C:\Container\code\2курс лабы\KPO\Lab20_final\Lab20\Lab20\LT.cpp(23): warning C4715: LT::LexTable::GetEntry: значение возвращается не при всех путях выполнения
C:\Container\code\2курс лабы\KPO\Lab20_final\Lab20\Lab20\IT.cpp(161): warning C4715: IT::IdTable::GetEntry: значение возвращается не при всех путях выполнения
C:\Container\code\2курс лабы\KPO\Lab20_final\Lab20\Lab20\IT.cpp(195): warning C4172: возвращение адреса локальной или временной переменной : buffer
  Lab20.vcxproj -> C:\Container\code\2курс лабы\KPO\Lab20_final\Lab20\x64\Debug\Lab20.exe
