Сборка начата 01.11.2022 17:24:51.
Уровень детализации журнала: Normal.     1>Проект "E:\2курс лабы\KPO\Lab18\Lab18\Lab18.vcxproj" в узле 2 (целевые объекты Build).
     1>InitializeBuildStatus:
         Создание "Debug\Lab18.tlog\unsuccessfulbuild", так как было задано "AlwaysCreate".
       ClCompile:
         E:\visual studio_sreda\VC\Tools\MSVC\14.29.30133\bin\HostX86\x86\CL.exe /c /ZI /JMC /nologo /W3 /WX- /diagnostics:column /sdl /Od /Oy- /D WIN32 /D _DEBUG /D _CONSOLE /D _UNICODE /D UNICODE /Gm- /EHsc /RTC1 /MDd /GS /fp:precise /permissive- /Zc:wchar_t /Zc:forScope /Zc:inline /Fo"Debug\\" /Fd"Debug\vc142.pdb" /external:W3 /Gd /TP /analyze- /FC /errorReport:prompt Lab18.cpp
         Lab18.cpp
     1>E:\2курс лабы\KPO\Lab18\Lab18\Lab18.cpp(21,20): warning C4018: <: несоответствие типов со знаком и без знака
     1>E:\2курс лабы\KPO\Lab18\Lab18\Lab18.cpp(61,20): warning C4018: <: несоответствие типов со знаком и без знака
       Link:
         E:\visual studio_sreda\VC\Tools\MSVC\14.29.30133\bin\HostX86\x86\link.exe /ERRORREPORT:PROMPT /OUT:"E:\2курс лабы\KPO\Lab18\Debug\Lab18.exe" /INCREMENTAL /ILK:"Debug\Lab18.ilk" /NOLOGO kernel32.lib user32.lib gdi32.lib winspool.lib comdlg32.lib advapi32.lib shell32.lib ole32.lib oleaut32.lib uuid.lib odbc32.lib odbccp32.lib /MANIFEST /MANIFESTUAC:"level='asInvoker' uiAccess='false'" /manifest:embed /DEBUG /PDB:"E:\2курс лабы\KPO\Lab18\Debug\Lab18.pdb" /SUBSYSTEM:CONSOLE /TLBID:1 /DYNAMICBASE /NXCOMPAT /IMPLIB:"E:\2курс лабы\KPO\Lab18\Debug\Lab18.lib" /MACHINE:X86 Debug\Lab18.obj
         Lab18.vcxproj -> E:\2курс лабы\KPO\Lab18\Debug\Lab18.exe
       FinalizeBuildStatus:
         Файл "Debug\Lab18.tlog\unsuccessfulbuild" удаляется.
         Обращение к "Debug\Lab18.tlog\Lab18.lastbuildstate".
     1>Сборка проекта "E:\2курс лабы\KPO\Lab18\Lab18\Lab18.vcxproj" завершена (целевые объекты Build).

Сборка успешно завершена.

       "E:\2курс лабы\KPO\Lab18\Lab18\Lab18.vcxproj" (целевой объект Build ) (1) ->
       (Целевой объект ClCompile) -> 
         E:\2курс лабы\KPO\Lab18\Lab18\Lab18.cpp(21,20): warning C4018: <: несоответствие типов со знаком и без знака
         E:\2курс лабы\KPO\Lab18\Lab18\Lab18.cpp(61,20): warning C4018: <: несоответствие типов со знаком и без знака

    Предупреждений: 2
    Ошибок: 0

Прошло времени 00:00:01.05
