Сборка начата 11.10.2022 17:09:31.
Уровень детализации журнала: Normal.     1>Проект "D:\Прога\2 курс\КПО\Лабы\Asm_04\Asm_04\Asm_04.vcxproj" в узле 2 (целевые объекты Build).
     1>C:\Program Files (x86)\Microsoft Visual Studio\2019\Community\MSBuild\Microsoft\VC\v160\Microsoft.CppBuild.targets(513,5): warning MSB8028: промежуточный каталог (Debug\) содержит файлы, которые используются совместно с другим проектом (Asm_04.vcxproj).  Это может привести к ошибкам очистки и перестроения.
     1>InitializeBuildStatus:
         Создание "Debug\Serialization.tlog\unsuccessfulbuild", так как было задано "AlwaysCreate".
       ClCompile:
         C:\Program Files (x86)\Microsoft Visual Studio\2019\Community\VC\Tools\MSVC\14.29.30133\bin\HostX86\x86\CL.exe /c /ZI /JMC /nologo /W3 /WX- /diagnostics:column /sdl /Od /Oy- /D WIN32 /D _DEBUG /D _CONSOLE /D _UNICODE /D UNICODE /Gm- /EHsc /RTC1 /MDd /GS /fp:precise /permissive- /Zc:wchar_t /Zc:forScope /Zc:inline /Fo"Debug\\" /Fd"Debug\vc142.pdb" /external:W3 /Gd /TP /analyze- /FC /errorReport:prompt Serialization.cpp
         Serialization.cpp
       Link:
         C:\Program Files (x86)\Microsoft Visual Studio\2019\Community\VC\Tools\MSVC\14.29.30133\bin\HostX86\x86\link.exe /ERRORREPORT:PROMPT /OUT:"D:\Прога\2 курс\КПО\Лабы\Asm_04\Debug\Serialization.exe" /INCREMENTAL /ILK:"Debug\Serialization.ilk" /NOLOGO kernel32.lib user32.lib gdi32.lib winspool.lib comdlg32.lib advapi32.lib shell32.lib ole32.lib oleaut32.lib uuid.lib odbc32.lib odbccp32.lib /MANIFEST /MANIFESTUAC:"level='asInvoker' uiAccess='false'" /manifest:embed /DEBUG /PDB:"D:\Прога\2 курс\КПО\Лабы\Asm_04\Debug\Serialization.pdb" /SUBSYSTEM:CONSOLE /TLBID:1 /DYNAMICBASE /NXCOMPAT /IMPLIB:"D:\Прога\2 курс\КПО\Лабы\Asm_04\Debug\Serialization.lib" /MACHINE:X86 Debug\Serialization.obj
         Asm_04.vcxproj -> D:\Прога\2 курс\КПО\Лабы\Asm_04\Debug\Serialization.exe
       FinalizeBuildStatus:
         Файл "Debug\Serialization.tlog\unsuccessfulbuild" удаляется.
         Обращение к "Debug\Serialization.tlog\Serialization.lastbuildstate".
     1>Сборка проекта "D:\Прога\2 курс\КПО\Лабы\Asm_04\Asm_04\Asm_04.vcxproj" завершена (целевые объекты Build).

Сборка успешно завершена.

       "D:\Прога\2 курс\КПО\Лабы\Asm_04\Asm_04\Asm_04.vcxproj" (целевой объект Build ) (1) ->
       (Целевой объект PrepareForBuild) -> 
         C:\Program Files (x86)\Microsoft Visual Studio\2019\Community\MSBuild\Microsoft\VC\v160\Microsoft.CppBuild.targets(513,5): warning MSB8028: промежуточный каталог (Debug\) содержит файлы, которые используются совместно с другим проектом (Asm_04.vcxproj).  Это может привести к ошибкам очистки и перестроения.

    Предупреждений: 1
    Ошибок: 0

Прошло времени 00:00:01.59
