Сборка начата Пн 19.12.22 1:24:04.
Уровень детализации журнала: Normal.     1>Проект "C:\Users\User\Desktop\BAN-2022master\BAN-2022\Generation\GenLib\GenLib.vcxproj" в узле 3 (целевые объекты Rebuild).
     1>_PrepareForClean:
         Файл "Debug\GenLib.tlog\GenLib.lastbuildstate" удаляется.
     1>C:\Program Files (x86)\Microsoft Visual Studio\2019\Community\MSBuild\Microsoft\VC\v160\Microsoft.CppClean.targets(77,5): warning : Процесс не может получить доступ к файлу "c:\users\user\desktop\ban-2022master\ban-2022\generation\debug\genlib.lib", так как этот файл используется другим процессом.
       InitializeBuildStatus:
         Создание "Debug\GenLib.tlog\unsuccessfulbuild", так как было задано "AlwaysCreate".
       ClCompile:
         C:\Program Files (x86)\Microsoft Visual Studio\2019\Community\VC\Tools\MSVC\14.29.30133\bin\HostX86\x86\CL.exe /c /ZI /JMC /nologo /W3 /WX- /diagnostics:column /sdl /Od /Oy- /D WIN32 /D _DEBUG /D _CONSOLE /D _UNICODE /D UNICODE /Gm- /EHsc /RTC1 /MDd /GS /fp:precise /permissive- /Zc:wchar_t /Zc:forScope /Zc:inline /Fo"Debug\\" /Fd"C:\Users\User\Desktop\BAN-2022master\BAN-2022\Generation\Debug\GenLib.pdb" /external:W3 /Gd /TP /analyze- /FC /errorReport:prompt GenLib.cpp
         GenLib.cpp
       Lib:
         C:\Program Files (x86)\Microsoft Visual Studio\2019\Community\VC\Tools\MSVC\14.29.30133\bin\HostX86\x86\Lib.exe /OUT:"C:\Users\User\Desktop\BAN-2022master\BAN-2022\Generation\Debug\GenLib.lib" /NOLOGO /MACHINE:X86 Debug\GenLib.obj
         GenLib.vcxproj -> C:\Users\User\Desktop\BAN-2022master\BAN-2022\Generation\Debug\GenLib.lib
       FinalizeBuildStatus:
         Файл "Debug\GenLib.tlog\unsuccessfulbuild" удаляется.
         Обращение к "Debug\GenLib.tlog\GenLib.lastbuildstate".
     1>Сборка проекта "C:\Users\User\Desktop\BAN-2022master\BAN-2022\Generation\GenLib\GenLib.vcxproj" завершена (целевые объекты Rebuild).

Сборка успешно завершена.

       "C:\Users\User\Desktop\BAN-2022master\BAN-2022\Generation\GenLib\GenLib.vcxproj" (целевой объект Rebuild ) (1) ->
       (Целевой объект CoreCppClean) -> 
         C:\Program Files (x86)\Microsoft Visual Studio\2019\Community\MSBuild\Microsoft\VC\v160\Microsoft.CppClean.targets(77,5): warning : Процесс не может получить доступ к файлу "c:\users\user\desktop\ban-2022master\ban-2022\generation\debug\genlib.lib", так как этот файл используется другим процессом.

    Предупреждений: 1
    Ошибок: 0

Прошло времени 00:00:01.89
