Сборка начата 20.09.2022 17:23:52.
Уровень детализации журнала: Normal.     1>Проект "D:\Прога\2 курс\КПО\Лабы\Asm_03\SE_Asm03\SE_Asm03\SE_Asm03.vcxproj" в узле 2 (целевые объекты Build).
     1>PrepareForBuild:
         Создание каталога "D:\Прога\2 курс\КПО\Лабы\Asm_03\SE_Asm03\x64\Debug\".
         Создание каталога "x64\Debug\SE_Asm03.tlog\".
       InitializeBuildStatus:
         Создание "x64\Debug\SE_Asm03.tlog\unsuccessfulbuild", так как было задано "AlwaysCreate".
       _MASM:
         Assembling SE_Asm03.asm...
         cmd.exe /C "C:\Users\n2309\AppData\Local\Temp\tmp2739284f36674462863df1dc0f2af23f.cmd"
         ml64.exe /c /nologo /Zi /Fo"x64\Debug\SE_Asm03.obj" /W3 /errorReport:prompt  /TaSE_Asm03.asm
     1>SE_Asm03.asm(1): error A2008: syntax error : .
     1>SE_Asm03.asm(2): error A2008: syntax error : .
     1>SE_Asm03.asm(8): error A2008: syntax error : .
     1>SE_Asm03.asm(29): error A2008: syntax error : main
     1>SE_Asm03.asm(29): error A2088: END directive required at end of file
     1>C:\Program Files (x86)\Microsoft Visual Studio\2019\Community\MSBuild\Microsoft\VC\v160\BuildCustomizations\masm.targets(70,5): error MSB3721: выход из команды "ml64.exe /c /nologo /Zi /Fo"x64\Debug\SE_Asm03.obj" /W3 /errorReport:prompt  /TaSE_Asm03.asm" с кодом "1".
     1>Сборка проекта "D:\Прога\2 курс\КПО\Лабы\Asm_03\SE_Asm03\SE_Asm03\SE_Asm03.vcxproj" завершена (целевые объекты Build) с ошибкой.

Ошибка сборки.

       "D:\Прога\2 курс\КПО\Лабы\Asm_03\SE_Asm03\SE_Asm03\SE_Asm03.vcxproj" (целевой объект Build ) (1) ->
       (Целевой объект _MASM) -> 
         SE_Asm03.asm(1): error A2008: syntax error : .
         SE_Asm03.asm(2): error A2008: syntax error : .
         SE_Asm03.asm(8): error A2008: syntax error : .
         SE_Asm03.asm(29): error A2008: syntax error : main
         SE_Asm03.asm(29): error A2088: END directive required at end of file
         C:\Program Files (x86)\Microsoft Visual Studio\2019\Community\MSBuild\Microsoft\VC\v160\BuildCustomizations\masm.targets(70,5): error MSB3721: выход из команды "ml64.exe /c /nologo /Zi /Fo"x64\Debug\SE_Asm03.obj" /W3 /errorReport:prompt  /TaSE_Asm03.asm" с кодом "1".

    Предупреждений: 0
    Ошибок: 6

Прошло времени 00:00:01.10
