Сборка начата 09.09.2022 14:52:49.
Уровень детализации журнала: Normal.     1>Проект "E:\2курс лабы\АиСд\khanoyskaya_bashnya\khanoyskaya_bashnya\khanoyskaya_bashnya.vcxproj" в узле 2 (целевые объекты Build).
     1>PrepareForBuild:
         Создание каталога "E:\2курс лабы\АиСд\khanoyskaya_bashnya\Debug\".
         Создание каталога "Debug\khanoysk.20395442.tlog\".
       InitializeBuildStatus:
         Создание "Debug\khanoysk.20395442.tlog\unsuccessfulbuild", так как было задано "AlwaysCreate".
       ClCompile:
         E:\visual studio_sreda\VC\Tools\MSVC\14.29.30133\bin\HostX86\x86\CL.exe /c /ZI /JMC /nologo /W3 /WX- /diagnostics:column /sdl /Od /Oy- /D WIN32 /D _DEBUG /D _CONSOLE /D _UNICODE /D UNICODE /Gm- /EHsc /RTC1 /MDd /GS /fp:precise /permissive- /Zc:wchar_t /Zc:forScope /Zc:inline /Fo"Debug\\" /Fd"Debug\vc142.pdb" /external:W3 /Gd /TP /analyze- /FC /errorReport:prompt Source.cpp
         Source.cpp
     1>E:\2курс лабы\АиСд\khanoyskaya_bashnya\khanoyskaya_bashnya\Source.cpp(25,1): warning C4326: возвращаемый тип "main" должен быть "int", а не "void"
       Link:
         E:\visual studio_sreda\VC\Tools\MSVC\14.29.30133\bin\HostX86\x86\link.exe /ERRORREPORT:PROMPT /OUT:"E:\2курс лабы\АиСд\khanoyskaya_bashnya\Debug\khanoyskaya_bashnya.exe" /INCREMENTAL /ILK:"Debug\khanoyskaya_bashnya.ilk" /NOLOGO kernel32.lib user32.lib gdi32.lib winspool.lib comdlg32.lib advapi32.lib shell32.lib ole32.lib oleaut32.lib uuid.lib odbc32.lib odbccp32.lib /MANIFEST /MANIFESTUAC:"level='asInvoker' uiAccess='false'" /manifest:embed /DEBUG /PDB:"E:\2курс лабы\АиСд\khanoyskaya_bashnya\Debug\khanoyskaya_bashnya.pdb" /SUBSYSTEM:CONSOLE /TLBID:1 /DYNAMICBASE /NXCOMPAT /IMPLIB:"E:\2курс лабы\АиСд\khanoyskaya_bashnya\Debug\khanoyskaya_bashnya.lib" /MACHINE:X86 Debug\Source.obj
         khanoyskaya_bashnya.vcxproj -> E:\2курс лабы\АиСд\khanoyskaya_bashnya\Debug\khanoyskaya_bashnya.exe
       FinalizeBuildStatus:
         Файл "Debug\khanoysk.20395442.tlog\unsuccessfulbuild" удаляется.
         Обращение к "Debug\khanoysk.20395442.tlog\khanoyskaya_bashnya.lastbuildstate".
     1>Сборка проекта "E:\2курс лабы\АиСд\khanoyskaya_bashnya\khanoyskaya_bashnya\khanoyskaya_bashnya.vcxproj" завершена (целевые объекты Build).

Сборка успешно завершена.

       "E:\2курс лабы\АиСд\khanoyskaya_bashnya\khanoyskaya_bashnya\khanoyskaya_bashnya.vcxproj" (целевой объект Build ) (1) ->
       (Целевой объект ClCompile) -> 
         E:\2курс лабы\АиСд\khanoyskaya_bashnya\khanoyskaya_bashnya\Source.cpp(25,1): warning C4326: возвращаемый тип "main" должен быть "int", а не "void"

    Предупреждений: 1
    Ошибок: 0

Прошло времени 00:00:02.59
