Microsoft (R) Macro Assembler Version 14.29.30133.0	    10/31/22 17:32:09
SE_Asm01b.asm						     Page 1 - 1


				.586P
				.MODEL FLAT, STDCALL
				
				includelib kernel32.lib
				
				ExitProcess			PROTO: DWORD
				SetConsoleTitleA	PROTO: DWORD
				GetStdHandle		PROTO: DWORD
				WriteConsoleA		PROTO: DWORD, : DWORD, : DWORD, : DWORD, : DWORD
				getMin				PROTO: DWORD, : DWORD
				getMax				PROTO: DWORD, : DWORD
				
				.STACK 4096
				
 00000000			.CONST 
 00000000 53 45 5F 61 73	consoletitle	DB 'SE_asm01b', 0
	   6D 30 31 62 00
 0000000A 00000002		Arr				DD 2, 3, 4, 8, 1 ,2 ,2, 7, 4, 5
	   00000003
	   00000004
	   00000008
	   00000001
	   00000002
	   00000002
	   00000007
	   00000004
	   00000005
				
 00000000			.DATA
 00000000 67 65 74 4D 61	result1			BYTE "getMax + getMin = ", 0
	   78 20 2B 20 67
	   65 74 4D 69 6E
	   20 3D 20 00
 00000013 00000000		result			sdword 0
 00000017 00000000		consolehandle	DD 0h
				
 00000000			.CODE
 00000000			main PROC
				
					invoke SetConsoleTitleA, offset consoletitle
				
 0000000A  6A F5			push -11
 0000000C  E8 00000000 E		call GetStdHandle
 00000011  A3 00000017 R		mov consolehandle, eax
				
					invoke getMin, offset Arr, lengthof Arr
				
 00000022  A3 00000013 R		mov result, eax
				
					invoke getMax, offset Arr, lengthof Arr
				
 00000033  01 05 00000013 R		add result, eax
 00000039  83 05 00000013 R		add result, 30h
	   30
 00000040  A1 00000013 R		mov eax, result
				
 00000045  A2 00000012 R		mov result1 + 18, al
				
					invoke WriteConsoleA, consolehandle, offset result1, sizeof result1, 0, 0
				
 00000060  6A 00			push 0
 00000062  E8 00000000 E		call ExitProcess
				
 00000067			main ENDP
				
				END main
Microsoft (R) Macro Assembler Version 14.29.30133.0	    10/31/22 17:32:09
SE_Asm01b.asm						     Symbols 2 - 1




Segments and Groups:

                N a m e                 Size     Length   Align   Combine Class

CONST  . . . . . . . . . . . . .	32 Bit	 00000032 Para	  Public  'CONST'	 ReadOnly
FLAT . . . . . . . . . . . . . .	GROUP
STACK  . . . . . . . . . . . . .	32 Bit	 00001000 Para	  Stack	  'STACK'	 
_DATA  . . . . . . . . . . . . .	32 Bit	 0000001B Para	  Public  'DATA'	
_TEXT  . . . . . . . . . . . . .	32 Bit	 00000067 Para	  Public  'CODE'	


Procedures, parameters, and locals:

                N a m e                 Type     Value    Attr

ExitProcess  . . . . . . . . . .	P Near	 00000000 FLAT	Length= 00000000 External STDCALL
GetStdHandle . . . . . . . . . .	P Near	 00000000 FLAT	Length= 00000000 External STDCALL
SetConsoleTitleA . . . . . . . .	P Near	 00000000 FLAT	Length= 00000000 External STDCALL
WriteConsoleA  . . . . . . . . .	P Near	 00000000 FLAT	Length= 00000000 External STDCALL
getMax . . . . . . . . . . . . .	P Near	 00000000 FLAT	Length= 00000000 External STDCALL
getMin . . . . . . . . . . . . .	P Near	 00000000 FLAT	Length= 00000000 External STDCALL
main . . . . . . . . . . . . . .	P Near	 00000000 _TEXT	Length= 00000067 Public STDCALL


Symbols:

                N a m e                 Type     Value    Attr

@CodeSize  . . . . . . . . . . .	Number	 00000000h   
@DataSize  . . . . . . . . . . .	Number	 00000000h   
@Interface . . . . . . . . . . .	Number	 00000003h   
@Model . . . . . . . . . . . . .	Number	 00000007h   
@code  . . . . . . . . . . . . .	Text   	 _TEXT
@data  . . . . . . . . . . . . .	Text   	 FLAT
@fardata?  . . . . . . . . . . .	Text   	 FLAT
@fardata . . . . . . . . . . . .	Text   	 FLAT
@stack . . . . . . . . . . . . .	Text   	 FLAT
Arr  . . . . . . . . . . . . . .	DWord	 0000000A CONST	
consolehandle  . . . . . . . . .	DWord	 00000017 _DATA	
consoletitle . . . . . . . . . .	Byte	 00000000 CONST	
result1  . . . . . . . . . . . .	Byte	 00000000 _DATA	
result . . . . . . . . . . . . .	DWord	 00000013 _DATA	

	   0 Warnings
	   0 Errors
