Microsoft (R) Macro Assembler Version 14.34.31933.0	    01/01/23 20:40:33
LP_asm.asm						     Page 1 - 1


				.586
				.model flat, stdcall
				includelib libucrt.lib
				includelib kernel32.lib
				includelib ..\Generation\Debug\GenLib.lib

				ExitProcess PROTO:DWORD 
				.stack 4096

				 outnum PROTO : DWORD

				 outstr PROTO : DWORD

				 sqroot PROTO : DWORD

				 module PROTO : DWORD

				 input PROTO : DWORD

 00000000			.const
 00000000 0D 0A 00				printline byte 13, 10, 0
 00000003 0000000C				x sdword 12
 00000007  00000000				 sdword 0
 00000000			.data
 00000000 00000000				temp sdword ?
 00000004  00000100 [				buffer byte 256 dup(0)
	    00
	   ]
 00000000			.code

				;----------- MAIN ------------
 00000000			main PROC
 00000000  FF 35 00000003 R	push x

 00000006  5B			pop ebx
 00000007  89 1D 00000003 R	mov x, ebx
LP_asm.asm(34) : warning A4000:cannot modify READONLY segment


 0000000D  FF 35 00000003 R	push x
 00000013  E8 00000000 E	call outnum

 00000018  5A			pop edx
 00000019  5B			pop ebx
				;------------------------------

 0000001A  6A 00		push 0
 0000001C  E8 00000000 E	call ExitProcess
 00000021			main ENDP
				end main
Microsoft (R) Macro Assembler Version 14.34.31933.0	    01/01/23 20:40:33
LP_asm.asm						     Symbols 2 - 1




Segments and Groups:

                N a m e                 Size     Length   Align   Combine Class

CONST  . . . . . . . . . . . . .	32 Bit	 0000000B Para	  Public  'CONST'	 ReadOnly
FLAT . . . . . . . . . . . . . .	GROUP
STACK  . . . . . . . . . . . . .	32 Bit	 00001000 Para	  Stack	  'STACK'	 
_DATA  . . . . . . . . . . . . .	32 Bit	 00000104 Para	  Public  'DATA'	
_TEXT  . . . . . . . . . . . . .	32 Bit	 00000021 Para	  Public  'CODE'	


Procedures, parameters, and locals:

                N a m e                 Type     Value    Attr

ExitProcess  . . . . . . . . . .	P Near	 00000000 FLAT	Length= 00000000 External STDCALL
input  . . . . . . . . . . . . .	P Near	 00000000 FLAT	Length= 00000000 External STDCALL
main . . . . . . . . . . . . . .	P Near	 00000000 _TEXT	Length= 00000021 Public STDCALL
module . . . . . . . . . . . . .	P Near	 00000000 FLAT	Length= 00000000 External STDCALL
outnum . . . . . . . . . . . . .	P Near	 00000000 FLAT	Length= 00000000 External STDCALL
outstr . . . . . . . . . . . . .	P Near	 00000000 FLAT	Length= 00000000 External STDCALL
sqroot . . . . . . . . . . . . .	P Near	 00000000 FLAT	Length= 00000000 External STDCALL


Symbols:

                N a m e                 Type     Value    Attr

@CodeSize  . . . . . . . . . . .	Number	 00000000h   
@DataSize  . . . . . . . . . . .	Number	 00000000h   
@Interface . . . . . . . . . . .	Number	 00000003h   
@Model . . . . . . . . . . . . .	Number	 00000007h   
@code  . . . . . . . . . . . . .	Text   	 _TEXT
@data  . . . . . . . . . . . . .	Text   	 FLAT
@fardata?  . . . . . . . . . . .	Text   	 FLAT
@fardata . . . . . . . . . . . .	Text   	 FLAT
@stack . . . . . . . . . . . . .	Text   	 FLAT
buffer . . . . . . . . . . . . .	Byte	 00000004 _DATA	
printline  . . . . . . . . . . .	Byte	 00000000 CONST	
temp . . . . . . . . . . . . . .	DWord	 00000000 _DATA	
x  . . . . . . . . . . . . . . .	DWord	 00000003 CONST	

	   1 Warnings
	   0 Errors
